<?xml version="1.0" encoding="UTF-8"?>
<!-- Generated by org.testng.reporters.JUnitReportReporter -->
<testsuite name="qsp.Demo" tests="1" time="8.640" ignored="0" failures="0" timestamp="04 Feb 2018 11:42:34 GMT" skipped="0" hostname="CBT-LAB-017" errors="0">
  <testcase name="testA" time="8.640" classname="qsp.Demo"/>
</testsuite> <!-- qsp.Demo -->
